14:50:15.962 [Daemon worker Thread 55] INFO  o.a.AndroidAnnotationProcessor:84 - Initialize AndroidAnnotations 3.1 with options {androidManifestFile=/Users/localadmin/Desktop/P2WorkingCopy/g11_ajh265_kex496/app/build/intermediates/manifests/full/debug/AndroidManifest.xml}
14:50:16.13 [Daemon worker Thread 55] INFO  o.a.AndroidAnnotationProcessor:108 - Start processing for 14 annotations on 31 elements
14:50:16.19 [Daemon worker Thread 55] DEBUG o.a.h.AndroidManifestFinder:98 - AndroidManifest.xml file found with specified path: /Users/localadmin/Desktop/P2WorkingCopy/g11_ajh265_kex496/app/build/intermediates/manifests/full/debug/AndroidManifest.xml
14:50:16.22 [Daemon worker Thread 55] INFO  o.a.AndroidAnnotationProcessor:171 - AndroidManifest.xml found: AndroidManifest [applicationPackage=com.example.localadmin.g11_ajh265_kex496, componentQualifiedNames=[com.example.localadmin.g11_ajh265_kex496.MainActivity, com.example.localadmin.g11_ajh265_kex496.TankClientActivity_], permissionQualifiedNames=[android.permission.INTERNET, android.permission.ACCESS_NETWORK_STATE], applicationClassName=null, libraryProject=false, debugabble=false, minSdkVersion=16, maxSdkVersion=-1, targetSdkVersion=23]
14:50:16.22 [Daemon worker Thread 55] INFO  o.a.r.ProjectRClassFinder:50 - Found project R class: com.example.localadmin.g11_ajh265_kex496.R
14:50:16.27 [Daemon worker Thread 55] INFO  o.a.r.AndroidRClassFinder:44 - Found Android class: android.R
14:50:16.38 [Daemon worker Thread 55] INFO  o.a.p.ModelValidator:42 - Validating elements
14:50:16.38 [Daemon worker Thread 55] DEBUG o.a.p.ModelValidator:62 - Validating with EActivityHandler: [com.example.localadmin.g11_ajh265_kex496.TankClientActivity]
14:50:16.40 [Daemon worker Thread 55] DEBUG o.a.p.ModelValidator:62 - Validating with EBeanHandler: [com.example.localadmin.g11_ajh265_kex496.constraint.ConstraintHandler, com.example.localadmin.g11_ajh265_kex496.rest.Controller, com.example.localadmin.g11_ajh265_kex496.rest.GridUpdater, com.example.localadmin.g11_ajh265_kex496.rest.RestClientPoller, com.example.localadmin.g11_ajh265_kex496.rest.UIUpdate, com.example.localadmin.g11_ajh265_kex496.sensor.ShakeListenerManager, com.example.localadmin.g11_ajh265_kex496.UI.GridAdapter]
14:50:16.40 [Daemon worker Thread 55] DEBUG o.a.p.ModelValidator:62 - Validating with ClickHandler: [onClick(android.view.View)]
14:50:16.42 [Daemon worker Thread 55] DEBUG o.a.p.ModelValidator:62 - Validating with SystemServiceHandler: [inflater]
14:50:16.42 [Daemon worker Thread 55] DEBUG o.a.p.ModelValidator:62 - Validating with RestHandler: [com.example.localadmin.g11_ajh265_kex496.rest.BulletZoneRestClient]
14:50:16.45 [Daemon worker Thread 55] DEBUG o.a.p.ModelValidator:62 - Validating with GetHandler: [grid()]
14:50:16.46 [Daemon worker Thread 55] DEBUG o.a.p.ModelValidator:62 - Validating with PostHandler: [join()]
14:50:16.46 [Daemon worker Thread 55] DEBUG o.a.p.ModelValidator:62 - Validating with PutHandler: [move(long,byte), turn(long,byte), fire(long)]
14:50:16.46 [Daemon worker Thread 55] DEBUG o.a.p.ModelValidator:62 - Validating with DeleteHandler: [leave(long)]
14:50:16.47 [Daemon worker Thread 55] DEBUG o.a.p.ModelValidator:62 - Validating with RestServiceHandler: [restClient, restClient]
14:50:16.47 [Daemon worker Thread 55] DEBUG o.a.p.ModelValidator:62 - Validating with BeanHandler: [myController, sd, myPoller, myUIUpdate, myConstraintHandler, mGridAdapter, myUpdater]
14:50:16.47 [Daemon worker Thread 55] DEBUG o.a.p.ModelValidator:62 - Validating with AfterViewsHandler: [afterViewInjection()]
14:50:16.47 [Daemon worker Thread 55] DEBUG o.a.p.ModelValidator:62 - Validating with UiThreadHandler: [updateDisplay(com.example.localadmin.g11_ajh265_kex496.util.GridWrapper)]
14:50:16.48 [Daemon worker Thread 55] DEBUG o.a.p.ModelValidator:62 - Validating with BackgroundHandler: [turn(android.view.View), fire(), move(android.view.View), startPoll(), getField(), joinAsync()]
14:50:16.55 [Daemon worker Thread 55] INFO  o.a.p.ModelProcessor:69 - Processing root elements
14:50:16.55 [Daemon worker Thread 55] DEBUG o.a.p.ModelProcessor:160 - Processing root elements EActivityHandler: [com.example.localadmin.g11_ajh265_kex496.TankClientActivity]
14:50:16.74 [Daemon worker Thread 55] DEBUG o.a.p.ModelProcessor:160 - Processing root elements EBeanHandler: [com.example.localadmin.g11_ajh265_kex496.constraint.ConstraintHandler, com.example.localadmin.g11_ajh265_kex496.rest.RestClientPoller, com.example.localadmin.g11_ajh265_kex496.rest.UIUpdate, com.example.localadmin.g11_ajh265_kex496.UI.GridAdapter, com.example.localadmin.g11_ajh265_kex496.sensor.ShakeListenerManager, com.example.localadmin.g11_ajh265_kex496.rest.Controller, com.example.localadmin.g11_ajh265_kex496.rest.GridUpdater]
14:50:16.75 [Daemon worker Thread 55] DEBUG o.a.p.ModelProcessor:160 - Processing root elements RestHandler: [com.example.localadmin.g11_ajh265_kex496.rest.BulletZoneRestClient]
14:50:16.77 [Daemon worker Thread 55] INFO  o.a.p.ModelProcessor:77 - Processing enclosed elements
14:50:16.86 [Daemon worker Thread 55] INFO  o.a.AndroidAnnotationProcessor:250 - Number of files generated by AndroidAnnotations: 9
14:50:16.87 [Daemon worker Thread 55] INFO  o.a.g.ApiCodeGenerator:52 - Writting following API classes in project: []
14:50:16.88 [Daemon worker Thread 55] DEBUG o.a.g.SourceCodewriter:55 - Generating class: com.example.localadmin.g11_ajh265_kex496.TankClientActivity_
14:50:16.108 [Daemon worker Thread 55] DEBUG o.a.g.SourceCodewriter:55 - Generating class: com.example.localadmin.g11_ajh265_kex496.sensor.ShakeListenerManager_
14:50:16.110 [Daemon worker Thread 55] DEBUG o.a.g.SourceCodewriter:55 - Generating class: com.example.localadmin.g11_ajh265_kex496.UI.GridAdapter_
14:50:16.112 [Daemon worker Thread 55] DEBUG o.a.g.SourceCodewriter:55 - Generating class: com.example.localadmin.g11_ajh265_kex496.rest.BulletZoneRestClient_
14:50:16.123 [Daemon worker Thread 55] DEBUG o.a.g.SourceCodewriter:55 - Generating class: com.example.localadmin.g11_ajh265_kex496.rest.Controller_
14:50:16.129 [Daemon worker Thread 55] DEBUG o.a.g.SourceCodewriter:55 - Generating class: com.example.localadmin.g11_ajh265_kex496.rest.GridUpdater_
14:50:16.132 [Daemon worker Thread 55] DEBUG o.a.g.SourceCodewriter:55 - Generating class: com.example.localadmin.g11_ajh265_kex496.rest.RestClientPoller_
14:50:16.136 [Daemon worker Thread 55] DEBUG o.a.g.SourceCodewriter:55 - Generating class: com.example.localadmin.g11_ajh265_kex496.rest.UIUpdate_
14:50:16.140 [Daemon worker Thread 55] DEBUG o.a.g.SourceCodewriter:55 - Generating class: com.example.localadmin.g11_ajh265_kex496.constraint.ConstraintHandler_
14:50:16.142 [Daemon worker Thread 55] INFO  o.a.p.TimeStats:81 - Time measurements: [Whole Processing = 129 ms], [Generate Sources = 56 ms], [Process Annotations = 38 ms], [Validate Annotations = 11 ms], [Find R Classes = 9 ms], [Extract Annotations = 4 ms], [Extract Manifest = 4 ms], 
14:50:16.142 [Daemon worker Thread 55] INFO  o.a.AndroidAnnotationProcessor:122 - Finish processing
14:53:07.543 [Daemon worker Thread 56] INFO  o.a.AndroidAnnotationProcessor:84 - Initialize AndroidAnnotations 3.1 with options {androidManifestFile=/Users/localadmin/Desktop/P2WorkingCopy/g11_ajh265_kex496/app/build/intermediates/manifests/full/debug/AndroidManifest.xml}
14:53:07.665 [Daemon worker Thread 56] INFO  o.a.AndroidAnnotationProcessor:108 - Start processing for 14 annotations on 31 elements
14:53:07.671 [Daemon worker Thread 56] DEBUG o.a.h.AndroidManifestFinder:98 - AndroidManifest.xml file found with specified path: /Users/localadmin/Desktop/P2WorkingCopy/g11_ajh265_kex496/app/build/intermediates/manifests/full/debug/AndroidManifest.xml
14:53:07.673 [Daemon worker Thread 56] INFO  o.a.AndroidAnnotationProcessor:171 - AndroidManifest.xml found: AndroidManifest [applicationPackage=com.example.localadmin.g11_ajh265_kex496, componentQualifiedNames=[com.example.localadmin.g11_ajh265_kex496.MainActivity, com.example.localadmin.g11_ajh265_kex496.TankClientActivity_], permissionQualifiedNames=[android.permission.INTERNET, android.permission.ACCESS_NETWORK_STATE], applicationClassName=null, libraryProject=false, debugabble=false, minSdkVersion=16, maxSdkVersion=-1, targetSdkVersion=23]
14:53:07.674 [Daemon worker Thread 56] INFO  o.a.r.ProjectRClassFinder:50 - Found project R class: com.example.localadmin.g11_ajh265_kex496.R
14:53:07.678 [Daemon worker Thread 56] INFO  o.a.r.AndroidRClassFinder:44 - Found Android class: android.R
14:53:07.745 [Daemon worker Thread 56] INFO  o.a.p.ModelValidator:42 - Validating elements
14:53:07.745 [Daemon worker Thread 56] DEBUG o.a.p.ModelValidator:62 - Validating with EActivityHandler: [com.example.localadmin.g11_ajh265_kex496.TankClientActivity]
14:53:07.747 [Daemon worker Thread 56] DEBUG o.a.p.ModelValidator:62 - Validating with EBeanHandler: [com.example.localadmin.g11_ajh265_kex496.constraint.ConstraintHandler, com.example.localadmin.g11_ajh265_kex496.rest.Controller, com.example.localadmin.g11_ajh265_kex496.rest.GridUpdater, com.example.localadmin.g11_ajh265_kex496.rest.RestClientPoller, com.example.localadmin.g11_ajh265_kex496.rest.UIUpdate, com.example.localadmin.g11_ajh265_kex496.sensor.ShakeListenerManager, com.example.localadmin.g11_ajh265_kex496.UI.GridAdapter]
14:53:07.748 [Daemon worker Thread 56] DEBUG o.a.p.ModelValidator:62 - Validating with ClickHandler: [onClick(android.view.View)]
14:53:07.750 [Daemon worker Thread 56] DEBUG o.a.p.ModelValidator:62 - Validating with SystemServiceHandler: [inflater]
14:53:07.752 [Daemon worker Thread 56] DEBUG o.a.p.ModelValidator:62 - Validating with RestHandler: [com.example.localadmin.g11_ajh265_kex496.rest.BulletZoneRestClient]
14:53:07.756 [Daemon worker Thread 56] DEBUG o.a.p.ModelValidator:62 - Validating with GetHandler: [grid()]
14:53:07.757 [Daemon worker Thread 56] DEBUG o.a.p.ModelValidator:62 - Validating with PostHandler: [join()]
14:53:07.758 [Daemon worker Thread 56] DEBUG o.a.p.ModelValidator:62 - Validating with PutHandler: [move(long,byte), turn(long,byte), fire(long)]
14:53:07.758 [Daemon worker Thread 56] DEBUG o.a.p.ModelValidator:62 - Validating with DeleteHandler: [leave(long)]
14:53:07.758 [Daemon worker Thread 56] DEBUG o.a.p.ModelValidator:62 - Validating with RestServiceHandler: [restClient, restClient]
14:53:07.759 [Daemon worker Thread 56] DEBUG o.a.p.ModelValidator:62 - Validating with BeanHandler: [myController, sd, myPoller, myUIUpdate, myConstraintHandler, mGridAdapter, myUpdater]
14:53:07.759 [Daemon worker Thread 56] DEBUG o.a.p.ModelValidator:62 - Validating with AfterViewsHandler: [afterViewInjection()]
14:53:07.759 [Daemon worker Thread 56] DEBUG o.a.p.ModelValidator:62 - Validating with UiThreadHandler: [updateDisplay(com.example.localadmin.g11_ajh265_kex496.util.GridWrapper)]
14:53:07.760 [Daemon worker Thread 56] DEBUG o.a.p.ModelValidator:62 - Validating with BackgroundHandler: [turn(android.view.View), fire(), move(android.view.View), startPoll(), getField(), joinAsync()]
14:53:07.769 [Daemon worker Thread 56] INFO  o.a.p.ModelProcessor:69 - Processing root elements
14:53:07.769 [Daemon worker Thread 56] DEBUG o.a.p.ModelProcessor:160 - Processing root elements EActivityHandler: [com.example.localadmin.g11_ajh265_kex496.TankClientActivity]
14:53:07.790 [Daemon worker Thread 56] DEBUG o.a.p.ModelProcessor:160 - Processing root elements EBeanHandler: [com.example.localadmin.g11_ajh265_kex496.rest.Controller, com.example.localadmin.g11_ajh265_kex496.rest.UIUpdate, com.example.localadmin.g11_ajh265_kex496.sensor.ShakeListenerManager, com.example.localadmin.g11_ajh265_kex496.constraint.ConstraintHandler, com.example.localadmin.g11_ajh265_kex496.UI.GridAdapter, com.example.localadmin.g11_ajh265_kex496.rest.RestClientPoller, com.example.localadmin.g11_ajh265_kex496.rest.GridUpdater]
14:53:07.792 [Daemon worker Thread 56] DEBUG o.a.p.ModelProcessor:160 - Processing root elements RestHandler: [com.example.localadmin.g11_ajh265_kex496.rest.BulletZoneRestClient]
14:53:07.794 [Daemon worker Thread 56] INFO  o.a.p.ModelProcessor:77 - Processing enclosed elements
14:53:07.804 [Daemon worker Thread 56] INFO  o.a.AndroidAnnotationProcessor:250 - Number of files generated by AndroidAnnotations: 9
14:53:07.805 [Daemon worker Thread 56] INFO  o.a.g.ApiCodeGenerator:52 - Writting following API classes in project: []
14:53:07.806 [Daemon worker Thread 56] DEBUG o.a.g.SourceCodewriter:55 - Generating class: com.example.localadmin.g11_ajh265_kex496.TankClientActivity_
14:53:07.826 [Daemon worker Thread 56] DEBUG o.a.g.SourceCodewriter:55 - Generating class: com.example.localadmin.g11_ajh265_kex496.sensor.ShakeListenerManager_
14:53:07.828 [Daemon worker Thread 56] DEBUG o.a.g.SourceCodewriter:55 - Generating class: com.example.localadmin.g11_ajh265_kex496.UI.GridAdapter_
14:53:07.830 [Daemon worker Thread 56] DEBUG o.a.g.SourceCodewriter:55 - Generating class: com.example.localadmin.g11_ajh265_kex496.rest.BulletZoneRestClient_
14:53:07.840 [Daemon worker Thread 56] DEBUG o.a.g.SourceCodewriter:55 - Generating class: com.example.localadmin.g11_ajh265_kex496.rest.Controller_
14:53:07.847 [Daemon worker Thread 56] DEBUG o.a.g.SourceCodewriter:55 - Generating class: com.example.localadmin.g11_ajh265_kex496.rest.GridUpdater_
14:53:07.851 [Daemon worker Thread 56] DEBUG o.a.g.SourceCodewriter:55 - Generating class: com.example.localadmin.g11_ajh265_kex496.rest.RestClientPoller_
14:53:07.854 [Daemon worker Thread 56] DEBUG o.a.g.SourceCodewriter:55 - Generating class: com.example.localadmin.g11_ajh265_kex496.rest.UIUpdate_
14:53:07.859 [Daemon worker Thread 56] DEBUG o.a.g.SourceCodewriter:55 - Generating class: com.example.localadmin.g11_ajh265_kex496.constraint.ConstraintHandler_
14:53:07.861 [Daemon worker Thread 56] INFO  o.a.p.TimeStats:81 - Time measurements: [Whole Processing = 196 ms], [Find R Classes = 62 ms], [Generate Sources = 57 ms], [Process Annotations = 44 ms], [Validate Annotations = 15 ms], [Extract Annotations = 4 ms], [Extract Manifest = 3 ms], 
14:53:07.862 [Daemon worker Thread 56] INFO  o.a.AndroidAnnotationProcessor:122 - Finish processing
14:54:07.62 [Daemon worker Thread 56] INFO  o.a.AndroidAnnotationProcessor:84 - Initialize AndroidAnnotations 3.1 with options {androidManifestFile=/Users/localadmin/Desktop/P2WorkingCopy/g11_ajh265_kex496/app/build/intermediates/manifests/full/debug/AndroidManifest.xml}
14:54:07.131 [Daemon worker Thread 56] INFO  o.a.AndroidAnnotationProcessor:108 - Start processing for 14 annotations on 31 elements
14:54:07.137 [Daemon worker Thread 56] DEBUG o.a.h.AndroidManifestFinder:98 - AndroidManifest.xml file found with specified path: /Users/localadmin/Desktop/P2WorkingCopy/g11_ajh265_kex496/app/build/intermediates/manifests/full/debug/AndroidManifest.xml
14:54:07.151 [Daemon worker Thread 56] INFO  o.a.AndroidAnnotationProcessor:171 - AndroidManifest.xml found: AndroidManifest [applicationPackage=com.example.localadmin.g11_ajh265_kex496, componentQualifiedNames=[com.example.localadmin.g11_ajh265_kex496.MainActivity, com.example.localadmin.g11_ajh265_kex496.TankClientActivity_], permissionQualifiedNames=[android.permission.INTERNET, android.permission.ACCESS_NETWORK_STATE], applicationClassName=null, libraryProject=false, debugabble=false, minSdkVersion=16, maxSdkVersion=-1, targetSdkVersion=23]
14:54:07.152 [Daemon worker Thread 56] INFO  o.a.r.ProjectRClassFinder:50 - Found project R class: com.example.localadmin.g11_ajh265_kex496.R
14:54:07.156 [Daemon worker Thread 56] INFO  o.a.r.AndroidRClassFinder:44 - Found Android class: android.R
14:54:07.167 [Daemon worker Thread 56] INFO  o.a.p.ModelValidator:42 - Validating elements
14:54:07.168 [Daemon worker Thread 56] DEBUG o.a.p.ModelValidator:62 - Validating with EActivityHandler: [com.example.localadmin.g11_ajh265_kex496.TankClientActivity]
14:54:07.169 [Daemon worker Thread 56] DEBUG o.a.p.ModelValidator:62 - Validating with EBeanHandler: [com.example.localadmin.g11_ajh265_kex496.constraint.ConstraintHandler, com.example.localadmin.g11_ajh265_kex496.rest.Controller, com.example.localadmin.g11_ajh265_kex496.rest.GridUpdater, com.example.localadmin.g11_ajh265_kex496.rest.RestClientPoller, com.example.localadmin.g11_ajh265_kex496.rest.UIUpdate, com.example.localadmin.g11_ajh265_kex496.sensor.ShakeListenerManager, com.example.localadmin.g11_ajh265_kex496.UI.GridAdapter]
14:54:07.170 [Daemon worker Thread 56] DEBUG o.a.p.ModelValidator:62 - Validating with ClickHandler: [onClick(android.view.View)]
14:54:07.171 [Daemon worker Thread 56] DEBUG o.a.p.ModelValidator:62 - Validating with SystemServiceHandler: [inflater]
14:54:07.172 [Daemon worker Thread 56] DEBUG o.a.p.ModelValidator:62 - Validating with RestHandler: [com.example.localadmin.g11_ajh265_kex496.rest.BulletZoneRestClient]
14:54:07.176 [Daemon worker Thread 56] DEBUG o.a.p.ModelValidator:62 - Validating with GetHandler: [grid()]
14:54:07.177 [Daemon worker Thread 56] DEBUG o.a.p.ModelValidator:62 - Validating with PostHandler: [join()]
14:54:07.178 [Daemon worker Thread 56] DEBUG o.a.p.ModelValidator:62 - Validating with PutHandler: [move(long,byte), turn(long,byte), fire(long)]
14:54:07.178 [Daemon worker Thread 56] DEBUG o.a.p.ModelValidator:62 - Validating with DeleteHandler: [leave(long)]
14:54:07.178 [Daemon worker Thread 56] DEBUG o.a.p.ModelValidator:62 - Validating with RestServiceHandler: [restClient, restClient]
14:54:07.179 [Daemon worker Thread 56] DEBUG o.a.p.ModelValidator:62 - Validating with BeanHandler: [myController, sd, myPoller, myUIUpdate, myConstraintHandler, mGridAdapter, myUpdater]
14:54:07.179 [Daemon worker Thread 56] DEBUG o.a.p.ModelValidator:62 - Validating with AfterViewsHandler: [afterViewInjection()]
14:54:07.179 [Daemon worker Thread 56] DEBUG o.a.p.ModelValidator:62 - Validating with UiThreadHandler: [updateDisplay(com.example.localadmin.g11_ajh265_kex496.util.GridWrapper)]
14:54:07.179 [Daemon worker Thread 56] DEBUG o.a.p.ModelValidator:62 - Validating with BackgroundHandler: [turn(android.view.View), fire(), move(android.view.View), startPoll(), getField(), joinAsync()]
14:54:07.188 [Daemon worker Thread 56] INFO  o.a.p.ModelProcessor:69 - Processing root elements
14:54:07.188 [Daemon worker Thread 56] DEBUG o.a.p.ModelProcessor:160 - Processing root elements EActivityHandler: [com.example.localadmin.g11_ajh265_kex496.TankClientActivity]
14:54:07.207 [Daemon worker Thread 56] DEBUG o.a.p.ModelProcessor:160 - Processing root elements EBeanHandler: [com.example.localadmin.g11_ajh265_kex496.UI.GridAdapter, com.example.localadmin.g11_ajh265_kex496.rest.UIUpdate, com.example.localadmin.g11_ajh265_kex496.sensor.ShakeListenerManager, com.example.localadmin.g11_ajh265_kex496.rest.GridUpdater, com.example.localadmin.g11_ajh265_kex496.constraint.ConstraintHandler, com.example.localadmin.g11_ajh265_kex496.rest.RestClientPoller, com.example.localadmin.g11_ajh265_kex496.rest.Controller]
14:54:07.208 [Daemon worker Thread 56] DEBUG o.a.p.ModelProcessor:160 - Processing root elements RestHandler: [com.example.localadmin.g11_ajh265_kex496.rest.BulletZoneRestClient]
14:54:07.210 [Daemon worker Thread 56] INFO  o.a.p.ModelProcessor:77 - Processing enclosed elements
14:54:07.219 [Daemon worker Thread 56] INFO  o.a.AndroidAnnotationProcessor:250 - Number of files generated by AndroidAnnotations: 9
14:54:07.220 [Daemon worker Thread 56] INFO  o.a.g.ApiCodeGenerator:52 - Writting following API classes in project: []
14:54:07.221 [Daemon worker Thread 56] DEBUG o.a.g.SourceCodewriter:55 - Generating class: com.example.localadmin.g11_ajh265_kex496.TankClientActivity_
14:54:07.240 [Daemon worker Thread 56] DEBUG o.a.g.SourceCodewriter:55 - Generating class: com.example.localadmin.g11_ajh265_kex496.sensor.ShakeListenerManager_
14:54:07.243 [Daemon worker Thread 56] DEBUG o.a.g.SourceCodewriter:55 - Generating class: com.example.localadmin.g11_ajh265_kex496.UI.GridAdapter_
14:54:07.245 [Daemon worker Thread 56] DEBUG o.a.g.SourceCodewriter:55 - Generating class: com.example.localadmin.g11_ajh265_kex496.rest.BulletZoneRestClient_
14:54:07.255 [Daemon worker Thread 56] DEBUG o.a.g.SourceCodewriter:55 - Generating class: com.example.localadmin.g11_ajh265_kex496.rest.Controller_
14:54:07.261 [Daemon worker Thread 56] DEBUG o.a.g.SourceCodewriter:55 - Generating class: com.example.localadmin.g11_ajh265_kex496.rest.GridUpdater_
14:54:07.264 [Daemon worker Thread 56] DEBUG o.a.g.SourceCodewriter:55 - Generating class: com.example.localadmin.g11_ajh265_kex496.rest.RestClientPoller_
14:54:07.268 [Daemon worker Thread 56] DEBUG o.a.g.SourceCodewriter:55 - Generating class: com.example.localadmin.g11_ajh265_kex496.rest.UIUpdate_
14:54:07.272 [Daemon worker Thread 56] DEBUG o.a.g.SourceCodewriter:55 - Generating class: com.example.localadmin.g11_ajh265_kex496.constraint.ConstraintHandler_
14:54:07.274 [Daemon worker Thread 56] INFO  o.a.p.TimeStats:81 - Time measurements: [Whole Processing = 143 ms], [Generate Sources = 55 ms], [Process Annotations = 39 ms], [Extract Manifest = 15 ms], [Validate Annotations = 13 ms], [Find R Classes = 8 ms], [Extract Annotations = 4 ms], 
14:54:07.275 [Daemon worker Thread 56] INFO  o.a.AndroidAnnotationProcessor:122 - Finish processing
14:55:45.916 [Daemon worker Thread 57] INFO  o.a.AndroidAnnotationProcessor:84 - Initialize AndroidAnnotations 3.1 with options {androidManifestFile=/Users/localadmin/Desktop/P2WorkingCopy/g11_ajh265_kex496/app/build/intermediates/manifests/full/debug/AndroidManifest.xml}
14:55:45.968 [Daemon worker Thread 57] INFO  o.a.AndroidAnnotationProcessor:108 - Start processing for 14 annotations on 31 elements
14:55:45.982 [Daemon worker Thread 57] DEBUG o.a.h.AndroidManifestFinder:98 - AndroidManifest.xml file found with specified path: /Users/localadmin/Desktop/P2WorkingCopy/g11_ajh265_kex496/app/build/intermediates/manifests/full/debug/AndroidManifest.xml
14:55:45.985 [Daemon worker Thread 57] INFO  o.a.AndroidAnnotationProcessor:171 - AndroidManifest.xml found: AndroidManifest [applicationPackage=com.example.localadmin.g11_ajh265_kex496, componentQualifiedNames=[com.example.localadmin.g11_ajh265_kex496.MainActivity, com.example.localadmin.g11_ajh265_kex496.TankClientActivity_], permissionQualifiedNames=[android.permission.INTERNET, android.permission.ACCESS_NETWORK_STATE], applicationClassName=null, libraryProject=false, debugabble=false, minSdkVersion=16, maxSdkVersion=-1, targetSdkVersion=23]
14:55:45.985 [Daemon worker Thread 57] INFO  o.a.r.ProjectRClassFinder:50 - Found project R class: com.example.localadmin.g11_ajh265_kex496.R
14:55:45.990 [Daemon worker Thread 57] INFO  o.a.r.AndroidRClassFinder:44 - Found Android class: android.R
14:55:46.2 [Daemon worker Thread 57] INFO  o.a.p.ModelValidator:42 - Validating elements
14:55:46.2 [Daemon worker Thread 57] DEBUG o.a.p.ModelValidator:62 - Validating with EActivityHandler: [com.example.localadmin.g11_ajh265_kex496.TankClientActivity]
14:55:46.4 [Daemon worker Thread 57] DEBUG o.a.p.ModelValidator:62 - Validating with EBeanHandler: [com.example.localadmin.g11_ajh265_kex496.constraint.ConstraintHandler, com.example.localadmin.g11_ajh265_kex496.rest.Controller, com.example.localadmin.g11_ajh265_kex496.rest.GridUpdater, com.example.localadmin.g11_ajh265_kex496.rest.RestClientPoller, com.example.localadmin.g11_ajh265_kex496.rest.UIUpdate, com.example.localadmin.g11_ajh265_kex496.sensor.ShakeListenerManager, com.example.localadmin.g11_ajh265_kex496.UI.GridAdapter]
14:55:46.5 [Daemon worker Thread 57] DEBUG o.a.p.ModelValidator:62 - Validating with ClickHandler: [onClick(android.view.View)]
14:55:46.6 [Daemon worker Thread 57] DEBUG o.a.p.ModelValidator:62 - Validating with SystemServiceHandler: [inflater]
14:55:46.7 [Daemon worker Thread 57] DEBUG o.a.p.ModelValidator:62 - Validating with RestHandler: [com.example.localadmin.g11_ajh265_kex496.rest.BulletZoneRestClient]
14:55:46.15 [Daemon worker Thread 57] DEBUG o.a.p.ModelValidator:62 - Validating with GetHandler: [grid()]
14:55:46.16 [Daemon worker Thread 57] DEBUG o.a.p.ModelValidator:62 - Validating with PostHandler: [join()]
14:55:46.17 [Daemon worker Thread 57] DEBUG o.a.p.ModelValidator:62 - Validating with PutHandler: [move(long,byte), turn(long,byte), fire(long)]
14:55:46.17 [Daemon worker Thread 57] DEBUG o.a.p.ModelValidator:62 - Validating with DeleteHandler: [leave(long)]
14:55:46.17 [Daemon worker Thread 57] DEBUG o.a.p.ModelValidator:62 - Validating with RestServiceHandler: [restClient, restClient]
14:55:46.18 [Daemon worker Thread 57] DEBUG o.a.p.ModelValidator:62 - Validating with BeanHandler: [myController, sd, myPoller, myUIUpdate, myConstraintHandler, mGridAdapter, myUpdater]
14:55:46.18 [Daemon worker Thread 57] DEBUG o.a.p.ModelValidator:62 - Validating with AfterViewsHandler: [afterViewInjection()]
14:55:46.18 [Daemon worker Thread 57] DEBUG o.a.p.ModelValidator:62 - Validating with UiThreadHandler: [updateDisplay(com.example.localadmin.g11_ajh265_kex496.util.GridWrapper)]
14:55:46.18 [Daemon worker Thread 57] DEBUG o.a.p.ModelValidator:62 - Validating with BackgroundHandler: [turn(android.view.View), fire(), move(android.view.View), startPoll(), getField(), joinAsync()]
14:55:46.26 [Daemon worker Thread 57] INFO  o.a.p.ModelProcessor:69 - Processing root elements
14:55:46.26 [Daemon worker Thread 57] DEBUG o.a.p.ModelProcessor:160 - Processing root elements EActivityHandler: [com.example.localadmin.g11_ajh265_kex496.TankClientActivity]
14:55:46.47 [Daemon worker Thread 57] DEBUG o.a.p.ModelProcessor:160 - Processing root elements EBeanHandler: [com.example.localadmin.g11_ajh265_kex496.rest.UIUpdate, com.example.localadmin.g11_ajh265_kex496.rest.GridUpdater, com.example.localadmin.g11_ajh265_kex496.constraint.ConstraintHandler, com.example.localadmin.g11_ajh265_kex496.rest.Controller, com.example.localadmin.g11_ajh265_kex496.rest.RestClientPoller, com.example.localadmin.g11_ajh265_kex496.sensor.ShakeListenerManager, com.example.localadmin.g11_ajh265_kex496.UI.GridAdapter]
14:55:46.49 [Daemon worker Thread 57] DEBUG o.a.p.ModelProcessor:160 - Processing root elements RestHandler: [com.example.localadmin.g11_ajh265_kex496.rest.BulletZoneRestClient]
14:55:46.52 [Daemon worker Thread 57] INFO  o.a.p.ModelProcessor:77 - Processing enclosed elements
14:55:46.61 [Daemon worker Thread 57] INFO  o.a.AndroidAnnotationProcessor:250 - Number of files generated by AndroidAnnotations: 9
14:55:46.62 [Daemon worker Thread 57] INFO  o.a.g.ApiCodeGenerator:52 - Writting following API classes in project: []
14:55:46.63 [Daemon worker Thread 57] DEBUG o.a.g.SourceCodewriter:55 - Generating class: com.example.localadmin.g11_ajh265_kex496.TankClientActivity_
14:55:46.83 [Daemon worker Thread 57] DEBUG o.a.g.SourceCodewriter:55 - Generating class: com.example.localadmin.g11_ajh265_kex496.sensor.ShakeListenerManager_
14:55:46.85 [Daemon worker Thread 57] DEBUG o.a.g.SourceCodewriter:55 - Generating class: com.example.localadmin.g11_ajh265_kex496.UI.GridAdapter_
14:55:46.87 [Daemon worker Thread 57] DEBUG o.a.g.SourceCodewriter:55 - Generating class: com.example.localadmin.g11_ajh265_kex496.rest.BulletZoneRestClient_
14:55:46.97 [Daemon worker Thread 57] DEBUG o.a.g.SourceCodewriter:55 - Generating class: com.example.localadmin.g11_ajh265_kex496.rest.Controller_
14:55:46.103 [Daemon worker Thread 57] DEBUG o.a.g.SourceCodewriter:55 - Generating class: com.example.localadmin.g11_ajh265_kex496.rest.GridUpdater_
14:55:46.107 [Daemon worker Thread 57] DEBUG o.a.g.SourceCodewriter:55 - Generating class: com.example.localadmin.g11_ajh265_kex496.rest.RestClientPoller_
14:55:46.110 [Daemon worker Thread 57] DEBUG o.a.g.SourceCodewriter:55 - Generating class: com.example.localadmin.g11_ajh265_kex496.rest.UIUpdate_
14:55:46.114 [Daemon worker Thread 57] DEBUG o.a.g.SourceCodewriter:55 - Generating class: com.example.localadmin.g11_ajh265_kex496.constraint.ConstraintHandler_
14:55:46.116 [Daemon worker Thread 57] INFO  o.a.p.TimeStats:81 - Time measurements: [Whole Processing = 148 ms], [Generate Sources = 56 ms], [Process Annotations = 41 ms], [Validate Annotations = 18 ms], [Extract Annotations = 12 ms], [Find R Classes = 10 ms], [Extract Manifest = 4 ms], 
14:55:46.116 [Daemon worker Thread 57] INFO  o.a.AndroidAnnotationProcessor:122 - Finish processing
14:56:18.118 [Daemon worker Thread 57] INFO  o.a.AndroidAnnotationProcessor:84 - Initialize AndroidAnnotations 3.1 with options {androidManifestFile=/Users/localadmin/Desktop/P2WorkingCopy/g11_ajh265_kex496/app/build/intermediates/manifests/full/debug/AndroidManifest.xml}
14:56:18.166 [Daemon worker Thread 57] INFO  o.a.AndroidAnnotationProcessor:108 - Start processing for 14 annotations on 31 elements
14:56:18.172 [Daemon worker Thread 57] DEBUG o.a.h.AndroidManifestFinder:98 - AndroidManifest.xml file found with specified path: /Users/localadmin/Desktop/P2WorkingCopy/g11_ajh265_kex496/app/build/intermediates/manifests/full/debug/AndroidManifest.xml
14:56:18.176 [Daemon worker Thread 57] INFO  o.a.AndroidAnnotationProcessor:171 - AndroidManifest.xml found: AndroidManifest [applicationPackage=com.example.localadmin.g11_ajh265_kex496, componentQualifiedNames=[com.example.localadmin.g11_ajh265_kex496.MainActivity, com.example.localadmin.g11_ajh265_kex496.TankClientActivity_], permissionQualifiedNames=[android.permission.INTERNET, android.permission.ACCESS_NETWORK_STATE], applicationClassName=null, libraryProject=false, debugabble=false, minSdkVersion=16, maxSdkVersion=-1, targetSdkVersion=23]
14:56:18.177 [Daemon worker Thread 57] INFO  o.a.r.ProjectRClassFinder:50 - Found project R class: com.example.localadmin.g11_ajh265_kex496.R
14:56:18.181 [Daemon worker Thread 57] INFO  o.a.r.AndroidRClassFinder:44 - Found Android class: android.R
14:56:18.191 [Daemon worker Thread 57] INFO  o.a.p.ModelValidator:42 - Validating elements
14:56:18.192 [Daemon worker Thread 57] DEBUG o.a.p.ModelValidator:62 - Validating with EActivityHandler: [com.example.localadmin.g11_ajh265_kex496.TankClientActivity]
14:56:18.194 [Daemon worker Thread 57] DEBUG o.a.p.ModelValidator:62 - Validating with EBeanHandler: [com.example.localadmin.g11_ajh265_kex496.constraint.ConstraintHandler, com.example.localadmin.g11_ajh265_kex496.rest.Controller, com.example.localadmin.g11_ajh265_kex496.rest.GridUpdater, com.example.localadmin.g11_ajh265_kex496.rest.RestClientPoller, com.example.localadmin.g11_ajh265_kex496.rest.UIUpdate, com.example.localadmin.g11_ajh265_kex496.sensor.ShakeListenerManager, com.example.localadmin.g11_ajh265_kex496.UI.GridAdapter]
14:56:18.195 [Daemon worker Thread 57] DEBUG o.a.p.ModelValidator:62 - Validating with ClickHandler: [onClick(android.view.View)]
14:56:18.197 [Daemon worker Thread 57] DEBUG o.a.p.ModelValidator:62 - Validating with SystemServiceHandler: [inflater]
14:56:18.198 [Daemon worker Thread 57] DEBUG o.a.p.ModelValidator:62 - Validating with RestHandler: [com.example.localadmin.g11_ajh265_kex496.rest.BulletZoneRestClient]
14:56:18.202 [Daemon worker Thread 57] DEBUG o.a.p.ModelValidator:62 - Validating with GetHandler: [grid()]
14:56:18.203 [Daemon worker Thread 57] DEBUG o.a.p.ModelValidator:62 - Validating with PostHandler: [join()]
14:56:18.203 [Daemon worker Thread 57] DEBUG o.a.p.ModelValidator:62 - Validating with PutHandler: [move(long,byte), turn(long,byte), fire(long)]
14:56:18.204 [Daemon worker Thread 57] DEBUG o.a.p.ModelValidator:62 - Validating with DeleteHandler: [leave(long)]
14:56:18.204 [Daemon worker Thread 57] DEBUG o.a.p.ModelValidator:62 - Validating with RestServiceHandler: [restClient, restClient]
14:56:18.205 [Daemon worker Thread 57] DEBUG o.a.p.ModelValidator:62 - Validating with BeanHandler: [myController, sd, myPoller, myUIUpdate, myConstraintHandler, mGridAdapter, myUpdater]
14:56:18.205 [Daemon worker Thread 57] DEBUG o.a.p.ModelValidator:62 - Validating with AfterViewsHandler: [afterViewInjection()]
14:56:18.205 [Daemon worker Thread 57] DEBUG o.a.p.ModelValidator:62 - Validating with UiThreadHandler: [updateDisplay(com.example.localadmin.g11_ajh265_kex496.util.GridWrapper)]
14:56:18.206 [Daemon worker Thread 57] DEBUG o.a.p.ModelValidator:62 - Validating with BackgroundHandler: [turn(android.view.View), fire(), move(android.view.View), startPoll(), getField(), joinAsync()]
14:56:18.213 [Daemon worker Thread 57] INFO  o.a.p.ModelProcessor:69 - Processing root elements
14:56:18.213 [Daemon worker Thread 57] DEBUG o.a.p.ModelProcessor:160 - Processing root elements EActivityHandler: [com.example.localadmin.g11_ajh265_kex496.TankClientActivity]
14:56:18.233 [Daemon worker Thread 57] DEBUG o.a.p.ModelProcessor:160 - Processing root elements EBeanHandler: [com.example.localadmin.g11_ajh265_kex496.sensor.ShakeListenerManager, com.example.localadmin.g11_ajh265_kex496.rest.RestClientPoller, com.example.localadmin.g11_ajh265_kex496.rest.GridUpdater, com.example.localadmin.g11_ajh265_kex496.rest.UIUpdate, com.example.localadmin.g11_ajh265_kex496.UI.GridAdapter, com.example.localadmin.g11_ajh265_kex496.constraint.ConstraintHandler, com.example.localadmin.g11_ajh265_kex496.rest.Controller]
14:56:18.234 [Daemon worker Thread 57] DEBUG o.a.p.ModelProcessor:160 - Processing root elements RestHandler: [com.example.localadmin.g11_ajh265_kex496.rest.BulletZoneRestClient]
14:56:18.237 [Daemon worker Thread 57] INFO  o.a.p.ModelProcessor:77 - Processing enclosed elements
14:56:18.245 [Daemon worker Thread 57] INFO  o.a.AndroidAnnotationProcessor:250 - Number of files generated by AndroidAnnotations: 9
14:56:18.247 [Daemon worker Thread 57] INFO  o.a.g.ApiCodeGenerator:52 - Writting following API classes in project: []
14:56:18.248 [Daemon worker Thread 57] DEBUG o.a.g.SourceCodewriter:55 - Generating class: com.example.localadmin.g11_ajh265_kex496.TankClientActivity_
14:56:18.268 [Daemon worker Thread 57] DEBUG o.a.g.SourceCodewriter:55 - Generating class: com.example.localadmin.g11_ajh265_kex496.sensor.ShakeListenerManager_
14:56:18.270 [Daemon worker Thread 57] DEBUG o.a.g.SourceCodewriter:55 - Generating class: com.example.localadmin.g11_ajh265_kex496.UI.GridAdapter_
14:56:18.273 [Daemon worker Thread 57] DEBUG o.a.g.SourceCodewriter:55 - Generating class: com.example.localadmin.g11_ajh265_kex496.rest.BulletZoneRestClient_
14:56:18.283 [Daemon worker Thread 57] DEBUG o.a.g.SourceCodewriter:55 - Generating class: com.example.localadmin.g11_ajh265_kex496.rest.Controller_
14:56:18.290 [Daemon worker Thread 57] DEBUG o.a.g.SourceCodewriter:55 - Generating class: com.example.localadmin.g11_ajh265_kex496.rest.GridUpdater_
14:56:18.293 [Daemon worker Thread 57] DEBUG o.a.g.SourceCodewriter:55 - Generating class: com.example.localadmin.g11_ajh265_kex496.rest.RestClientPoller_
14:56:18.296 [Daemon worker Thread 57] DEBUG o.a.g.SourceCodewriter:55 - Generating class: com.example.localadmin.g11_ajh265_kex496.rest.UIUpdate_
14:56:18.300 [Daemon worker Thread 57] DEBUG o.a.g.SourceCodewriter:55 - Generating class: com.example.localadmin.g11_ajh265_kex496.constraint.ConstraintHandler_
14:56:18.302 [Daemon worker Thread 57] INFO  o.a.p.TimeStats:81 - Time measurements: [Whole Processing = 136 ms], [Generate Sources = 57 ms], [Process Annotations = 39 ms], [Validate Annotations = 15 ms], [Find R Classes = 9 ms], [Extract Annotations = 5 ms], [Extract Manifest = 5 ms], 
14:56:18.302 [Daemon worker Thread 57] INFO  o.a.AndroidAnnotationProcessor:122 - Finish processing
14:57:04.327 [Daemon worker Thread 57] INFO  o.a.AndroidAnnotationProcessor:84 - Initialize AndroidAnnotations 3.1 with options {androidManifestFile=/Users/localadmin/Desktop/P2WorkingCopy/g11_ajh265_kex496/app/build/intermediates/manifests/full/debug/AndroidManifest.xml}
14:57:04.381 [Daemon worker Thread 57] INFO  o.a.AndroidAnnotationProcessor:108 - Start processing for 14 annotations on 31 elements
14:57:04.386 [Daemon worker Thread 57] DEBUG o.a.h.AndroidManifestFinder:98 - AndroidManifest.xml file found with specified path: /Users/localadmin/Desktop/P2WorkingCopy/g11_ajh265_kex496/app/build/intermediates/manifests/full/debug/AndroidManifest.xml
14:57:04.388 [Daemon worker Thread 57] INFO  o.a.AndroidAnnotationProcessor:171 - AndroidManifest.xml found: AndroidManifest [applicationPackage=com.example.localadmin.g11_ajh265_kex496, componentQualifiedNames=[com.example.localadmin.g11_ajh265_kex496.MainActivity, com.example.localadmin.g11_ajh265_kex496.TankClientActivity_], permissionQualifiedNames=[android.permission.INTERNET, android.permission.ACCESS_NETWORK_STATE], applicationClassName=null, libraryProject=false, debugabble=false, minSdkVersion=16, maxSdkVersion=-1, targetSdkVersion=23]
14:57:04.389 [Daemon worker Thread 57] INFO  o.a.r.ProjectRClassFinder:50 - Found project R class: com.example.localadmin.g11_ajh265_kex496.R
14:57:04.394 [Daemon worker Thread 57] INFO  o.a.r.AndroidRClassFinder:44 - Found Android class: android.R
14:57:04.406 [Daemon worker Thread 57] INFO  o.a.p.ModelValidator:42 - Validating elements
14:57:04.407 [Daemon worker Thread 57] DEBUG o.a.p.ModelValidator:62 - Validating with EActivityHandler: [com.example.localadmin.g11_ajh265_kex496.TankClientActivity]
14:57:04.408 [Daemon worker Thread 57] DEBUG o.a.p.ModelValidator:62 - Validating with EBeanHandler: [com.example.localadmin.g11_ajh265_kex496.constraint.ConstraintHandler, com.example.localadmin.g11_ajh265_kex496.rest.Controller, com.example.localadmin.g11_ajh265_kex496.rest.GridUpdater, com.example.localadmin.g11_ajh265_kex496.rest.RestClientPoller, com.example.localadmin.g11_ajh265_kex496.rest.UIUpdate, com.example.localadmin.g11_ajh265_kex496.sensor.ShakeListenerManager, com.example.localadmin.g11_ajh265_kex496.UI.GridAdapter]
14:57:04.408 [Daemon worker Thread 57] DEBUG o.a.p.ModelValidator:62 - Validating with ClickHandler: [onClick(android.view.View)]
14:57:04.410 [Daemon worker Thread 57] DEBUG o.a.p.ModelValidator:62 - Validating with SystemServiceHandler: [inflater]
14:57:04.411 [Daemon worker Thread 57] DEBUG o.a.p.ModelValidator:62 - Validating with RestHandler: [com.example.localadmin.g11_ajh265_kex496.rest.BulletZoneRestClient]
14:57:04.415 [Daemon worker Thread 57] DEBUG o.a.p.ModelValidator:62 - Validating with GetHandler: [grid()]
14:57:04.415 [Daemon worker Thread 57] DEBUG o.a.p.ModelValidator:62 - Validating with PostHandler: [join()]
14:57:04.416 [Daemon worker Thread 57] DEBUG o.a.p.ModelValidator:62 - Validating with PutHandler: [move(long,byte), turn(long,byte), fire(long)]
14:57:04.416 [Daemon worker Thread 57] DEBUG o.a.p.ModelValidator:62 - Validating with DeleteHandler: [leave(long)]
14:57:04.416 [Daemon worker Thread 57] DEBUG o.a.p.ModelValidator:62 - Validating with RestServiceHandler: [restClient, restClient]
14:57:04.417 [Daemon worker Thread 57] DEBUG o.a.p.ModelValidator:62 - Validating with BeanHandler: [myController, sd, myPoller, myUIUpdate, myConstraintHandler, mGridAdapter, myUpdater]
14:57:04.417 [Daemon worker Thread 57] DEBUG o.a.p.ModelValidator:62 - Validating with AfterViewsHandler: [afterViewInjection()]
14:57:04.417 [Daemon worker Thread 57] DEBUG o.a.p.ModelValidator:62 - Validating with UiThreadHandler: [updateDisplay(com.example.localadmin.g11_ajh265_kex496.util.GridWrapper)]
14:57:04.418 [Daemon worker Thread 57] DEBUG o.a.p.ModelValidator:62 - Validating with BackgroundHandler: [turn(android.view.View), fire(), move(android.view.View), startPoll(), getField(), joinAsync()]
14:57:04.424 [Daemon worker Thread 57] INFO  o.a.p.ModelProcessor:69 - Processing root elements
14:57:04.424 [Daemon worker Thread 57] DEBUG o.a.p.ModelProcessor:160 - Processing root elements EActivityHandler: [com.example.localadmin.g11_ajh265_kex496.TankClientActivity]
14:57:04.446 [Daemon worker Thread 57] DEBUG o.a.p.ModelProcessor:160 - Processing root elements EBeanHandler: [com.example.localadmin.g11_ajh265_kex496.constraint.ConstraintHandler, com.example.localadmin.g11_ajh265_kex496.rest.Controller, com.example.localadmin.g11_ajh265_kex496.sensor.ShakeListenerManager, com.example.localadmin.g11_ajh265_kex496.UI.GridAdapter, com.example.localadmin.g11_ajh265_kex496.rest.GridUpdater, com.example.localadmin.g11_ajh265_kex496.rest.RestClientPoller, com.example.localadmin.g11_ajh265_kex496.rest.UIUpdate]
14:57:04.448 [Daemon worker Thread 57] DEBUG o.a.p.ModelProcessor:160 - Processing root elements RestHandler: [com.example.localadmin.g11_ajh265_kex496.rest.BulletZoneRestClient]
14:57:04.451 [Daemon worker Thread 57] INFO  o.a.p.ModelProcessor:77 - Processing enclosed elements
14:57:04.462 [Daemon worker Thread 57] INFO  o.a.AndroidAnnotationProcessor:250 - Number of files generated by AndroidAnnotations: 9
14:57:04.463 [Daemon worker Thread 57] INFO  o.a.g.ApiCodeGenerator:52 - Writting following API classes in project: []
14:57:04.464 [Daemon worker Thread 57] DEBUG o.a.g.SourceCodewriter:55 - Generating class: com.example.localadmin.g11_ajh265_kex496.TankClientActivity_
14:57:04.485 [Daemon worker Thread 57] DEBUG o.a.g.SourceCodewriter:55 - Generating class: com.example.localadmin.g11_ajh265_kex496.sensor.ShakeListenerManager_
14:57:04.487 [Daemon worker Thread 57] DEBUG o.a.g.SourceCodewriter:55 - Generating class: com.example.localadmin.g11_ajh265_kex496.UI.GridAdapter_
14:57:04.490 [Daemon worker Thread 57] DEBUG o.a.g.SourceCodewriter:55 - Generating class: com.example.localadmin.g11_ajh265_kex496.rest.BulletZoneRestClient_
14:57:04.501 [Daemon worker Thread 57] DEBUG o.a.g.SourceCodewriter:55 - Generating class: com.example.localadmin.g11_ajh265_kex496.rest.Controller_
14:57:04.509 [Daemon worker Thread 57] DEBUG o.a.g.SourceCodewriter:55 - Generating class: com.example.localadmin.g11_ajh265_kex496.rest.GridUpdater_
14:57:04.513 [Daemon worker Thread 57] DEBUG o.a.g.SourceCodewriter:55 - Generating class: com.example.localadmin.g11_ajh265_kex496.rest.RestClientPoller_
14:57:04.516 [Daemon worker Thread 57] DEBUG o.a.g.SourceCodewriter:55 - Generating class: com.example.localadmin.g11_ajh265_kex496.rest.UIUpdate_
14:57:04.520 [Daemon worker Thread 57] DEBUG o.a.g.SourceCodewriter:55 - Generating class: com.example.localadmin.g11_ajh265_kex496.constraint.ConstraintHandler_
14:57:04.523 [Daemon worker Thread 57] INFO  o.a.p.TimeStats:81 - Time measurements: [Whole Processing = 141 ms], [Generate Sources = 60 ms], [Process Annotations = 44 ms], [Validate Annotations = 12 ms], [Find R Classes = 11 ms], [Extract Annotations = 4 ms], [Extract Manifest = 2 ms], 
14:57:04.523 [Daemon worker Thread 57] INFO  o.a.AndroidAnnotationProcessor:122 - Finish processing
14:57:45.751 [Daemon worker Thread 57] INFO  o.a.AndroidAnnotationProcessor:84 - Initialize AndroidAnnotations 3.1 with options {androidManifestFile=/Users/localadmin/Desktop/P2WorkingCopy/g11_ajh265_kex496/app/build/intermediates/manifests/full/debug/AndroidManifest.xml}
14:57:45.799 [Daemon worker Thread 57] INFO  o.a.AndroidAnnotationProcessor:108 - Start processing for 14 annotations on 31 elements
14:57:45.805 [Daemon worker Thread 57] DEBUG o.a.h.AndroidManifestFinder:98 - AndroidManifest.xml file found with specified path: /Users/localadmin/Desktop/P2WorkingCopy/g11_ajh265_kex496/app/build/intermediates/manifests/full/debug/AndroidManifest.xml
14:57:45.807 [Daemon worker Thread 57] INFO  o.a.AndroidAnnotationProcessor:171 - AndroidManifest.xml found: AndroidManifest [applicationPackage=com.example.localadmin.g11_ajh265_kex496, componentQualifiedNames=[com.example.localadmin.g11_ajh265_kex496.MainActivity, com.example.localadmin.g11_ajh265_kex496.TankClientActivity_], permissionQualifiedNames=[android.permission.INTERNET, android.permission.ACCESS_NETWORK_STATE], applicationClassName=null, libraryProject=false, debugabble=false, minSdkVersion=16, maxSdkVersion=-1, targetSdkVersion=23]
14:57:45.808 [Daemon worker Thread 57] INFO  o.a.r.ProjectRClassFinder:50 - Found project R class: com.example.localadmin.g11_ajh265_kex496.R
14:57:45.811 [Daemon worker Thread 57] INFO  o.a.r.AndroidRClassFinder:44 - Found Android class: android.R
14:57:45.822 [Daemon worker Thread 57] INFO  o.a.p.ModelValidator:42 - Validating elements
14:57:45.823 [Daemon worker Thread 57] DEBUG o.a.p.ModelValidator:62 - Validating with EActivityHandler: [com.example.localadmin.g11_ajh265_kex496.TankClientActivity]
14:57:45.824 [Daemon worker Thread 57] DEBUG o.a.p.ModelValidator:62 - Validating with EBeanHandler: [com.example.localadmin.g11_ajh265_kex496.constraint.ConstraintHandler, com.example.localadmin.g11_ajh265_kex496.rest.Controller, com.example.localadmin.g11_ajh265_kex496.rest.GridUpdater, com.example.localadmin.g11_ajh265_kex496.rest.RestClientPoller, com.example.localadmin.g11_ajh265_kex496.rest.UIUpdate, com.example.localadmin.g11_ajh265_kex496.sensor.ShakeListenerManager, com.example.localadmin.g11_ajh265_kex496.UI.GridAdapter]
14:57:45.825 [Daemon worker Thread 57] DEBUG o.a.p.ModelValidator:62 - Validating with ClickHandler: [onClick(android.view.View)]
14:57:45.826 [Daemon worker Thread 57] DEBUG o.a.p.ModelValidator:62 - Validating with SystemServiceHandler: [inflater]
14:57:45.827 [Daemon worker Thread 57] DEBUG o.a.p.ModelValidator:62 - Validating with RestHandler: [com.example.localadmin.g11_ajh265_kex496.rest.BulletZoneRestClient]
14:57:45.831 [Daemon worker Thread 57] DEBUG o.a.p.ModelValidator:62 - Validating with GetHandler: [grid()]
14:57:45.831 [Daemon worker Thread 57] DEBUG o.a.p.ModelValidator:62 - Validating with PostHandler: [join()]
14:57:45.832 [Daemon worker Thread 57] DEBUG o.a.p.ModelValidator:62 - Validating with PutHandler: [move(long,byte), turn(long,byte), fire(long)]
14:57:45.832 [Daemon worker Thread 57] DEBUG o.a.p.ModelValidator:62 - Validating with DeleteHandler: [leave(long)]
14:57:45.832 [Daemon worker Thread 57] DEBUG o.a.p.ModelValidator:62 - Validating with RestServiceHandler: [restClient, restClient]
14:57:45.832 [Daemon worker Thread 57] DEBUG o.a.p.ModelValidator:62 - Validating with BeanHandler: [myController, sd, myPoller, myUIUpdate, myConstraintHandler, mGridAdapter, myUpdater]
14:57:45.833 [Daemon worker Thread 57] DEBUG o.a.p.ModelValidator:62 - Validating with AfterViewsHandler: [afterViewInjection()]
14:57:45.833 [Daemon worker Thread 57] DEBUG o.a.p.ModelValidator:62 - Validating with UiThreadHandler: [updateDisplay(com.example.localadmin.g11_ajh265_kex496.util.GridWrapper)]
14:57:45.833 [Daemon worker Thread 57] DEBUG o.a.p.ModelValidator:62 - Validating with BackgroundHandler: [turn(android.view.View), fire(), move(android.view.View), startPoll(), getField(), joinAsync()]
14:57:45.840 [Daemon worker Thread 57] INFO  o.a.p.ModelProcessor:69 - Processing root elements
14:57:45.840 [Daemon worker Thread 57] DEBUG o.a.p.ModelProcessor:160 - Processing root elements EActivityHandler: [com.example.localadmin.g11_ajh265_kex496.TankClientActivity]
14:57:45.862 [Daemon worker Thread 57] DEBUG o.a.p.ModelProcessor:160 - Processing root elements EBeanHandler: [com.example.localadmin.g11_ajh265_kex496.rest.GridUpdater, com.example.localadmin.g11_ajh265_kex496.rest.RestClientPoller, com.example.localadmin.g11_ajh265_kex496.constraint.ConstraintHandler, com.example.localadmin.g11_ajh265_kex496.UI.GridAdapter, com.example.localadmin.g11_ajh265_kex496.rest.Controller, com.example.localadmin.g11_ajh265_kex496.rest.UIUpdate, com.example.localadmin.g11_ajh265_kex496.sensor.ShakeListenerManager]
14:57:45.864 [Daemon worker Thread 57] DEBUG o.a.p.ModelProcessor:160 - Processing root elements RestHandler: [com.example.localadmin.g11_ajh265_kex496.rest.BulletZoneRestClient]
14:57:45.867 [Daemon worker Thread 57] INFO  o.a.p.ModelProcessor:77 - Processing enclosed elements
14:57:45.876 [Daemon worker Thread 57] INFO  o.a.AndroidAnnotationProcessor:250 - Number of files generated by AndroidAnnotations: 9
14:57:45.877 [Daemon worker Thread 57] INFO  o.a.g.ApiCodeGenerator:52 - Writting following API classes in project: []
14:57:45.878 [Daemon worker Thread 57] DEBUG o.a.g.SourceCodewriter:55 - Generating class: com.example.localadmin.g11_ajh265_kex496.TankClientActivity_
14:57:45.901 [Daemon worker Thread 57] DEBUG o.a.g.SourceCodewriter:55 - Generating class: com.example.localadmin.g11_ajh265_kex496.sensor.ShakeListenerManager_
14:57:45.904 [Daemon worker Thread 57] DEBUG o.a.g.SourceCodewriter:55 - Generating class: com.example.localadmin.g11_ajh265_kex496.UI.GridAdapter_
14:57:45.906 [Daemon worker Thread 57] DEBUG o.a.g.SourceCodewriter:55 - Generating class: com.example.localadmin.g11_ajh265_kex496.rest.BulletZoneRestClient_
14:57:45.919 [Daemon worker Thread 57] DEBUG o.a.g.SourceCodewriter:55 - Generating class: com.example.localadmin.g11_ajh265_kex496.rest.Controller_
14:57:45.929 [Daemon worker Thread 57] DEBUG o.a.g.SourceCodewriter:55 - Generating class: com.example.localadmin.g11_ajh265_kex496.rest.GridUpdater_
14:57:45.933 [Daemon worker Thread 57] DEBUG o.a.g.SourceCodewriter:55 - Generating class: com.example.localadmin.g11_ajh265_kex496.rest.RestClientPoller_
14:57:45.936 [Daemon worker Thread 57] DEBUG o.a.g.SourceCodewriter:55 - Generating class: com.example.localadmin.g11_ajh265_kex496.rest.UIUpdate_
14:57:45.940 [Daemon worker Thread 57] DEBUG o.a.g.SourceCodewriter:55 - Generating class: com.example.localadmin.g11_ajh265_kex496.constraint.ConstraintHandler_
14:57:45.942 [Daemon worker Thread 57] INFO  o.a.p.TimeStats:81 - Time measurements: [Whole Processing = 143 ms], [Generate Sources = 66 ms], [Process Annotations = 43 ms], [Validate Annotations = 11 ms], [Find R Classes = 9 ms], [Extract Annotations = 4 ms], [Extract Manifest = 3 ms], 
14:57:45.942 [Daemon worker Thread 57] INFO  o.a.AndroidAnnotationProcessor:122 - Finish processing
15:01:38.405 [Daemon worker Thread 58] INFO  o.a.AndroidAnnotationProcessor:84 - Initialize AndroidAnnotations 3.1 with options {androidManifestFile=/Users/localadmin/Desktop/P2WorkingCopy/g11_ajh265_kex496/app/build/intermediates/manifests/full/debug/AndroidManifest.xml}
15:01:38.498 [Daemon worker Thread 58] INFO  o.a.AndroidAnnotationProcessor:108 - Start processing for 14 annotations on 31 elements
15:01:38.507 [Daemon worker Thread 58] DEBUG o.a.h.AndroidManifestFinder:98 - AndroidManifest.xml file found with specified path: /Users/localadmin/Desktop/P2WorkingCopy/g11_ajh265_kex496/app/build/intermediates/manifests/full/debug/AndroidManifest.xml
15:01:38.514 [Daemon worker Thread 58] INFO  o.a.AndroidAnnotationProcessor:171 - AndroidManifest.xml found: AndroidManifest [applicationPackage=com.example.localadmin.g11_ajh265_kex496, componentQualifiedNames=[com.example.localadmin.g11_ajh265_kex496.MainActivity, com.example.localadmin.g11_ajh265_kex496.TankClientActivity_], permissionQualifiedNames=[android.permission.INTERNET, android.permission.ACCESS_NETWORK_STATE], applicationClassName=null, libraryProject=false, debugabble=false, minSdkVersion=16, maxSdkVersion=-1, targetSdkVersion=23]
15:01:38.517 [Daemon worker Thread 58] INFO  o.a.r.ProjectRClassFinder:50 - Found project R class: com.example.localadmin.g11_ajh265_kex496.R
15:01:38.525 [Daemon worker Thread 58] INFO  o.a.r.AndroidRClassFinder:44 - Found Android class: android.R
15:01:38.542 [Daemon worker Thread 58] INFO  o.a.p.ModelValidator:42 - Validating elements
15:01:38.542 [Daemon worker Thread 58] DEBUG o.a.p.ModelValidator:62 - Validating with EActivityHandler: [com.example.localadmin.g11_ajh265_kex496.TankClientActivity]
15:01:38.545 [Daemon worker Thread 58] DEBUG o.a.p.ModelValidator:62 - Validating with EBeanHandler: [com.example.localadmin.g11_ajh265_kex496.constraint.ConstraintHandler, com.example.localadmin.g11_ajh265_kex496.rest.Controller, com.example.localadmin.g11_ajh265_kex496.rest.GridUpdater, com.example.localadmin.g11_ajh265_kex496.rest.RestClientPoller, com.example.localadmin.g11_ajh265_kex496.rest.UIUpdate, com.example.localadmin.g11_ajh265_kex496.sensor.ShakeListenerManager, com.example.localadmin.g11_ajh265_kex496.UI.GridAdapter]
15:01:38.545 [Daemon worker Thread 58] DEBUG o.a.p.ModelValidator:62 - Validating with ClickHandler: [onClick(android.view.View)]
15:01:38.547 [Daemon worker Thread 58] DEBUG o.a.p.ModelValidator:62 - Validating with SystemServiceHandler: [inflater]
15:01:38.549 [Daemon worker Thread 58] DEBUG o.a.p.ModelValidator:62 - Validating with RestHandler: [com.example.localadmin.g11_ajh265_kex496.rest.BulletZoneRestClient]
15:01:38.553 [Daemon worker Thread 58] DEBUG o.a.p.ModelValidator:62 - Validating with GetHandler: [grid()]
15:01:38.554 [Daemon worker Thread 58] DEBUG o.a.p.ModelValidator:62 - Validating with PostHandler: [join()]
15:01:38.555 [Daemon worker Thread 58] DEBUG o.a.p.ModelValidator:62 - Validating with PutHandler: [move(long,byte), turn(long,byte), fire(long)]
15:01:38.555 [Daemon worker Thread 58] DEBUG o.a.p.ModelValidator:62 - Validating with DeleteHandler: [leave(long)]
15:01:38.555 [Daemon worker Thread 58] DEBUG o.a.p.ModelValidator:62 - Validating with RestServiceHandler: [restClient, restClient]
15:01:38.556 [Daemon worker Thread 58] DEBUG o.a.p.ModelValidator:62 - Validating with BeanHandler: [myController, sd, myPoller, myUIUpdate, myConstraintHandler, mGridAdapter, myUpdater]
15:01:38.556 [Daemon worker Thread 58] DEBUG o.a.p.ModelValidator:62 - Validating with AfterViewsHandler: [afterViewInjection()]
15:01:38.556 [Daemon worker Thread 58] DEBUG o.a.p.ModelValidator:62 - Validating with UiThreadHandler: [updateDisplay(com.example.localadmin.g11_ajh265_kex496.util.GridWrapper)]
15:01:38.556 [Daemon worker Thread 58] DEBUG o.a.p.ModelValidator:62 - Validating with BackgroundHandler: [turn(android.view.View), fire(), move(android.view.View), startPoll(), getField(), joinAsync()]
15:01:38.564 [Daemon worker Thread 58] INFO  o.a.p.ModelProcessor:69 - Processing root elements
15:01:38.565 [Daemon worker Thread 58] DEBUG o.a.p.ModelProcessor:160 - Processing root elements EActivityHandler: [com.example.localadmin.g11_ajh265_kex496.TankClientActivity]
15:01:38.592 [Daemon worker Thread 58] DEBUG o.a.p.ModelProcessor:160 - Processing root elements EBeanHandler: [com.example.localadmin.g11_ajh265_kex496.rest.UIUpdate, com.example.localadmin.g11_ajh265_kex496.UI.GridAdapter, com.example.localadmin.g11_ajh265_kex496.rest.Controller, com.example.localadmin.g11_ajh265_kex496.rest.RestClientPoller, com.example.localadmin.g11_ajh265_kex496.rest.GridUpdater, com.example.localadmin.g11_ajh265_kex496.constraint.ConstraintHandler, com.example.localadmin.g11_ajh265_kex496.sensor.ShakeListenerManager]
15:01:38.594 [Daemon worker Thread 58] DEBUG o.a.p.ModelProcessor:160 - Processing root elements RestHandler: [com.example.localadmin.g11_ajh265_kex496.rest.BulletZoneRestClient]
15:01:38.599 [Daemon worker Thread 58] INFO  o.a.p.ModelProcessor:77 - Processing enclosed elements
15:01:38.613 [Daemon worker Thread 58] INFO  o.a.AndroidAnnotationProcessor:250 - Number of files generated by AndroidAnnotations: 9
15:01:38.615 [Daemon worker Thread 58] INFO  o.a.g.ApiCodeGenerator:52 - Writting following API classes in project: []
15:01:38.618 [Daemon worker Thread 58] DEBUG o.a.g.SourceCodewriter:55 - Generating class: com.example.localadmin.g11_ajh265_kex496.TankClientActivity_
15:01:38.640 [Daemon worker Thread 58] DEBUG o.a.g.SourceCodewriter:55 - Generating class: com.example.localadmin.g11_ajh265_kex496.sensor.ShakeListenerManager_
15:01:38.643 [Daemon worker Thread 58] DEBUG o.a.g.SourceCodewriter:55 - Generating class: com.example.localadmin.g11_ajh265_kex496.UI.GridAdapter_
15:01:38.646 [Daemon worker Thread 58] DEBUG o.a.g.SourceCodewriter:55 - Generating class: com.example.localadmin.g11_ajh265_kex496.rest.BulletZoneRestClient_
15:01:38.658 [Daemon worker Thread 58] DEBUG o.a.g.SourceCodewriter:55 - Generating class: com.example.localadmin.g11_ajh265_kex496.rest.Controller_
15:01:38.664 [Daemon worker Thread 58] DEBUG o.a.g.SourceCodewriter:55 - Generating class: com.example.localadmin.g11_ajh265_kex496.rest.GridUpdater_
15:01:38.667 [Daemon worker Thread 58] DEBUG o.a.g.SourceCodewriter:55 - Generating class: com.example.localadmin.g11_ajh265_kex496.rest.RestClientPoller_
15:01:38.671 [Daemon worker Thread 58] DEBUG o.a.g.SourceCodewriter:55 - Generating class: com.example.localadmin.g11_ajh265_kex496.rest.UIUpdate_
15:01:38.675 [Daemon worker Thread 58] DEBUG o.a.g.SourceCodewriter:55 - Generating class: com.example.localadmin.g11_ajh265_kex496.constraint.ConstraintHandler_
15:01:38.677 [Daemon worker Thread 58] INFO  o.a.p.TimeStats:81 - Time measurements: [Whole Processing = 179 ms], [Generate Sources = 64 ms], [Process Annotations = 56 ms], [Find R Classes = 18 ms], [Validate Annotations = 16 ms], [Extract Manifest = 9 ms], [Extract Annotations = 6 ms], 
15:01:38.678 [Daemon worker Thread 58] INFO  o.a.AndroidAnnotationProcessor:122 - Finish processing
15:28:32.753 [Daemon worker] INFO  o.a.AndroidAnnotationProcessor:84 - Initialize AndroidAnnotations 3.1 with options {androidManifestFile=/Users/localadmin/Desktop/P2WorkingCopy/g11_ajh265_kex496/app/build/intermediates/manifests/full/debug/AndroidManifest.xml}
15:28:32.888 [Daemon worker] INFO  o.a.AndroidAnnotationProcessor:108 - Start processing for 14 annotations on 31 elements
15:28:32.915 [Daemon worker] DEBUG o.a.h.AndroidManifestFinder:98 - AndroidManifest.xml file found with specified path: /Users/localadmin/Desktop/P2WorkingCopy/g11_ajh265_kex496/app/build/intermediates/manifests/full/debug/AndroidManifest.xml
15:28:33.166 [Daemon worker] INFO  o.a.AndroidAnnotationProcessor:171 - AndroidManifest.xml found: AndroidManifest [applicationPackage=com.example.localadmin.g11_ajh265_kex496, componentQualifiedNames=[com.example.localadmin.g11_ajh265_kex496.MainActivity, com.example.localadmin.g11_ajh265_kex496.TankClientActivity_], permissionQualifiedNames=[android.permission.INTERNET, android.permission.ACCESS_NETWORK_STATE], applicationClassName=null, libraryProject=false, debugabble=false, minSdkVersion=16, maxSdkVersion=-1, targetSdkVersion=23]
15:28:33.167 [Daemon worker] INFO  o.a.r.ProjectRClassFinder:50 - Found project R class: com.example.localadmin.g11_ajh265_kex496.R
15:28:33.194 [Daemon worker] INFO  o.a.r.AndroidRClassFinder:44 - Found Android class: android.R
15:28:33.253 [Daemon worker] INFO  o.a.p.ModelValidator:42 - Validating elements
15:28:33.254 [Daemon worker] DEBUG o.a.p.ModelValidator:62 - Validating with EActivityHandler: [com.example.localadmin.g11_ajh265_kex496.TankClientActivity]
15:28:33.259 [Daemon worker] DEBUG o.a.p.ModelValidator:62 - Validating with EBeanHandler: [com.example.localadmin.g11_ajh265_kex496.constraint.ConstraintHandler, com.example.localadmin.g11_ajh265_kex496.rest.Controller, com.example.localadmin.g11_ajh265_kex496.rest.GridUpdater, com.example.localadmin.g11_ajh265_kex496.rest.RestClientPoller, com.example.localadmin.g11_ajh265_kex496.rest.UIUpdate, com.example.localadmin.g11_ajh265_kex496.sensor.ShakeListenerManager, com.example.localadmin.g11_ajh265_kex496.UI.GridAdapter]
15:28:33.260 [Daemon worker] DEBUG o.a.p.ModelValidator:62 - Validating with ClickHandler: [onClick(android.view.View)]
15:28:33.262 [Daemon worker] DEBUG o.a.p.ModelValidator:62 - Validating with SystemServiceHandler: [inflater]
15:28:33.265 [Daemon worker] DEBUG o.a.p.ModelValidator:62 - Validating with RestHandler: [com.example.localadmin.g11_ajh265_kex496.rest.BulletZoneRestClient]
15:28:33.275 [Daemon worker] DEBUG o.a.p.ModelValidator:62 - Validating with GetHandler: [grid()]
15:28:33.277 [Daemon worker] DEBUG o.a.p.ModelValidator:62 - Validating with PostHandler: [join()]
15:28:33.278 [Daemon worker] DEBUG o.a.p.ModelValidator:62 - Validating with PutHandler: [move(long,byte), turn(long,byte), fire(long)]
15:28:33.278 [Daemon worker] DEBUG o.a.p.ModelValidator:62 - Validating with DeleteHandler: [leave(long)]
15:28:33.279 [Daemon worker] DEBUG o.a.p.ModelValidator:62 - Validating with RestServiceHandler: [restClient, restClient]
15:28:33.280 [Daemon worker] DEBUG o.a.p.ModelValidator:62 - Validating with BeanHandler: [myController, sd, myPoller, myUIUpdate, myConstraintHandler, mGridAdapter, myUpdater]
15:28:33.280 [Daemon worker] DEBUG o.a.p.ModelValidator:62 - Validating with AfterViewsHandler: [afterViewInjection()]
15:28:33.281 [Daemon worker] DEBUG o.a.p.ModelValidator:62 - Validating with UiThreadHandler: [updateDisplay(com.example.localadmin.g11_ajh265_kex496.util.GridWrapper)]
15:28:33.281 [Daemon worker] DEBUG o.a.p.ModelValidator:62 - Validating with BackgroundHandler: [turn(android.view.View), fire(), move(android.view.View), startPoll(), getField(), joinAsync()]
15:28:33.293 [Daemon worker] INFO  o.a.p.ModelProcessor:69 - Processing root elements
15:28:33.293 [Daemon worker] DEBUG o.a.p.ModelProcessor:160 - Processing root elements EActivityHandler: [com.example.localadmin.g11_ajh265_kex496.TankClientActivity]
15:28:33.333 [Daemon worker] DEBUG o.a.p.ModelProcessor:160 - Processing root elements EBeanHandler: [com.example.localadmin.g11_ajh265_kex496.rest.UIUpdate, com.example.localadmin.g11_ajh265_kex496.sensor.ShakeListenerManager, com.example.localadmin.g11_ajh265_kex496.UI.GridAdapter, com.example.localadmin.g11_ajh265_kex496.constraint.ConstraintHandler, com.example.localadmin.g11_ajh265_kex496.rest.RestClientPoller, com.example.localadmin.g11_ajh265_kex496.rest.GridUpdater, com.example.localadmin.g11_ajh265_kex496.rest.Controller]
15:28:33.336 [Daemon worker] DEBUG o.a.p.ModelProcessor:160 - Processing root elements RestHandler: [com.example.localadmin.g11_ajh265_kex496.rest.BulletZoneRestClient]
15:28:33.342 [Daemon worker] INFO  o.a.p.ModelProcessor:77 - Processing enclosed elements
15:28:33.359 [Daemon worker] INFO  o.a.AndroidAnnotationProcessor:250 - Number of files generated by AndroidAnnotations: 9
15:28:33.362 [Daemon worker] INFO  o.a.g.ApiCodeGenerator:52 - Writting following API classes in project: []
15:28:33.363 [Daemon worker] DEBUG o.a.g.SourceCodewriter:55 - Generating class: com.example.localadmin.g11_ajh265_kex496.TankClientActivity_
15:28:33.397 [Daemon worker] DEBUG o.a.g.SourceCodewriter:55 - Generating class: com.example.localadmin.g11_ajh265_kex496.sensor.ShakeListenerManager_
15:28:33.416 [Daemon worker] DEBUG o.a.g.SourceCodewriter:55 - Generating class: com.example.localadmin.g11_ajh265_kex496.UI.GridAdapter_
15:28:33.421 [Daemon worker] DEBUG o.a.g.SourceCodewriter:55 - Generating class: com.example.localadmin.g11_ajh265_kex496.rest.BulletZoneRestClient_
15:28:33.438 [Daemon worker] DEBUG o.a.g.SourceCodewriter:55 - Generating class: com.example.localadmin.g11_ajh265_kex496.rest.Controller_
15:28:33.450 [Daemon worker] DEBUG o.a.g.SourceCodewriter:55 - Generating class: com.example.localadmin.g11_ajh265_kex496.rest.GridUpdater_
15:28:33.456 [Daemon worker] DEBUG o.a.g.SourceCodewriter:55 - Generating class: com.example.localadmin.g11_ajh265_kex496.rest.RestClientPoller_
15:28:33.463 [Daemon worker] DEBUG o.a.g.SourceCodewriter:55 - Generating class: com.example.localadmin.g11_ajh265_kex496.rest.UIUpdate_
15:28:33.470 [Daemon worker] DEBUG o.a.g.SourceCodewriter:55 - Generating class: com.example.localadmin.g11_ajh265_kex496.constraint.ConstraintHandler_
15:28:33.476 [Daemon worker] INFO  o.a.p.TimeStats:81 - Time measurements: [Whole Processing = 588 ms], [Extract Manifest = 252 ms], [Generate Sources = 117 ms], [Process Annotations = 78 ms], [Find R Classes = 76 ms], [Validate Annotations = 28 ms], [Extract Annotations = 24 ms], 
15:28:33.476 [Daemon worker] INFO  o.a.AndroidAnnotationProcessor:122 - Finish processing
